[debug] [2019-02-12T00:20:21.971Z] ----------------------------------------------------------------------
[debug] [2019-02-12T00:20:21.973Z] Command:       C:\Program Files\nodejs\node.exe C:\Users\boram.choi\AppData\Roaming\npm\node_modules\firebase-tools\lib\bin\firebase.js serve
[debug] [2019-02-12T00:20:21.973Z] CLI Version:   6.3.1
[debug] [2019-02-12T00:20:21.973Z] Platform:      win32
[debug] [2019-02-12T00:20:21.973Z] Node Version:  v11.6.0
[debug] [2019-02-12T00:20:21.976Z] Time:          Tue Feb 12 2019 09:20:21 GMT+0900 (GMT+09:00)
[debug] [2019-02-12T00:20:21.976Z] ----------------------------------------------------------------------
[debug] 
[debug] [2019-02-12T00:20:21.986Z] > command requires scopes: ["email","openid","https://www.googleapis.com/auth/cloudplatformprojects.readonly","https://www.googleapis.com/auth/firebase","https://www.googleapis.com/auth/cloud-platform"]
[debug] [2019-02-12T00:20:21.986Z] > authorizing via signed-in user
[debug] [2019-02-12T00:20:21.987Z] [iam] checking project boramboard for permissions ["firebase.projects.get"]
[debug] [2019-02-12T00:20:21.989Z] >>> HTTP REQUEST POST https://cloudresourcemanager.googleapis.com/v1/projects/boramboard:testIamPermissions  

[debug] [2019-02-12T00:20:23.355Z] <<< HTTP RESPONSE 200
[debug] [2019-02-12T00:20:23.356Z] >>> HTTP REQUEST GET https://cloudresourcemanager.googleapis.com/v1/projects/boramboard  
 
[debug] [2019-02-12T00:20:24.576Z] <<< HTTP RESPONSE 200
[info] 
[info] === Serving from 'C:\firebase_practice\basicboard'...
[info] 
[debug] [2019-02-12T00:20:24.579Z] >>> HTTP REQUEST GET https://mobilesdk-pa.googleapis.com/v1/projects/263847278687/clients/_:getWebAppConfig  
 
[debug] [2019-02-12T00:20:25.590Z] <<< HTTP RESPONSE 200
[info] i  hosting: Serving hosting files from: public
[info] +  hosting: Local server: http://localhost:5000
[debug] [2019-02-12T01:00:50.660Z] ----------------------------------------------------------------------
[debug] [2019-02-12T01:00:50.662Z] Command:       C:\Program Files\nodejs\node.exe C:\Users\boram.choi\AppData\Roaming\npm\node_modules\firebase-tools\lib\bin\firebase.js serve
[debug] [2019-02-12T01:00:50.662Z] CLI Version:   6.3.1
[debug] [2019-02-12T01:00:50.662Z] Platform:      win32
[debug] [2019-02-12T01:00:50.662Z] Node Version:  v11.6.0
[debug] [2019-02-12T01:00:50.665Z] Time:          Tue Feb 12 2019 10:00:50 GMT+0900 (GMT+09:00)
[debug] [2019-02-12T01:00:50.665Z] ----------------------------------------------------------------------
[debug] 
[debug] [2019-02-12T01:00:50.675Z] > command requires scopes: ["email","openid","https://www.googleapis.com/auth/cloudplatformprojects.readonly","https://www.googleapis.com/auth/firebase","https://www.googleapis.com/auth/cloud-platform"]
[debug] [2019-02-12T01:00:50.677Z] > authorizing via signed-in user
[debug] [2019-02-12T01:00:50.677Z] [iam] checking project boramboard for permissions ["firebase.projects.get"]
[debug] [2019-02-12T01:00:50.679Z] > refreshing access token with scopes: ["email","https://www.googleapis.com/auth/cloud-platform","https://www.googleapis.com/auth/cloudplatformprojects.readonly","https://www.googleapis.com/auth/firebase","openid"]
[debug] [2019-02-12T01:00:50.679Z] >>> HTTP REQUEST POST https://www.googleapis.com/oauth2/v3/token  
 <request body omitted>
[debug] [2019-02-12T01:00:51.059Z] <<< HTTP RESPONSE 200
[debug] [2019-02-12T01:00:51.066Z] >>> HTTP REQUEST POST https://cloudresourcemanager.googleapis.com/v1/projects/boramboard:testIamPermissions  

[debug] [2019-02-12T01:00:52.331Z] <<< HTTP RESPONSE 200
[debug] [2019-02-12T01:00:52.332Z] >>> HTTP REQUEST GET https://cloudresourcemanager.googleapis.com/v1/projects/boramboard  
 
[debug] [2019-02-12T01:00:53.525Z] <<< HTTP RESPONSE 200
[info] 
[info] === Serving from 'C:\firebase_practice\basicboard'...
[info] 
[debug] [2019-02-12T01:00:53.528Z] >>> HTTP REQUEST GET https://mobilesdk-pa.googleapis.com/v1/projects/263847278687/clients/_:getWebAppConfig  
 
[debug] [2019-02-12T01:00:54.669Z] <<< HTTP RESPONSE 200
[info] i  hosting: Serving hosting files from: public
[info] +  hosting: Local server: http://localhost:5000
